{"C:\\Users\\pupko\\Documents\\Юля_обучение\\ajs-homeworks-containers\\src\\js\\ErrorRepository.js": {"path":"C:\\Users\\pupko\\Documents\\Юля_обучение\\ajs-homeworks-containers\\src\\js\\ErrorRepository.js","statementMap":{"0":{"start":{"line":3,"column":4},"end":{"line":3,"column":28}},"1":{"start":{"line":5,"column":4},"end":{"line":5,"column":38}},"2":{"start":{"line":6,"column":4},"end":{"line":6,"column":39}},"3":{"start":{"line":7,"column":4},"end":{"line":7,"column":43}},"4":{"start":{"line":11,"column":4},"end":{"line":11,"column":35}},"5":{"start":{"line":15,"column":4},"end":{"line":17,"column":5}},"6":{"start":{"line":16,"column":6},"end":{"line":16,"column":35}},"7":{"start":{"line":18,"column":4},"end":{"line":18,"column":27}}},"fnMap":{"0":{"name":"(anonymous_0)","decl":{"start":{"line":2,"column":2},"end":{"line":2,"column":3}},"loc":{"start":{"line":2,"column":16},"end":{"line":8,"column":3}},"line":2},"1":{"name":"(anonymous_1)","decl":{"start":{"line":10,"column":2},"end":{"line":10,"column":3}},"loc":{"start":{"line":10,"column":26},"end":{"line":12,"column":3}},"line":10},"2":{"name":"(anonymous_2)","decl":{"start":{"line":14,"column":2},"end":{"line":14,"column":3}},"loc":{"start":{"line":14,"column":18},"end":{"line":19,"column":3}},"line":14}},"branchMap":{"0":{"loc":{"start":{"line":15,"column":4},"end":{"line":17,"column":5}},"type":"if","locations":[{"start":{"line":15,"column":4},"end":{"line":17,"column":5}},{"start":{},"end":{}}],"line":15}},"s":{"0":2,"1":2,"2":2,"3":2,"4":6,"5":2,"6":1,"7":1},"f":{"0":2,"1":6,"2":2},"b":{"0":[1,1]},"_coverageSchema":"1a1c01bbd47fc00a2c39e90264f33305004495a9","hash":"d84dd3df3ecc0fafe7eb0aba11c66e7aa105e741"}
,"C:\\Users\\pupko\\Documents\\Юля_обучение\\ajs-homeworks-containers\\src\\js\\Team.js": {"path":"C:\\Users\\pupko\\Documents\\Юля_обучение\\ajs-homeworks-containers\\src\\js\\Team.js","statementMap":{"0":{"start":{"line":3,"column":4},"end":{"line":3,"column":29}},"1":{"start":{"line":7,"column":4},"end":{"line":9,"column":5}},"2":{"start":{"line":8,"column":6},"end":{"line":8,"column":92}},"3":{"start":{"line":10,"column":4},"end":{"line":10,"column":32}},"4":{"start":{"line":14,"column":4},"end":{"line":19,"column":7}},"5":{"start":{"line":18,"column":6},"end":{"line":18,"column":34}},"6":{"start":{"line":23,"column":4},"end":{"line":23,"column":36}}},"fnMap":{"0":{"name":"(anonymous_0)","decl":{"start":{"line":2,"column":2},"end":{"line":2,"column":3}},"loc":{"start":{"line":2,"column":16},"end":{"line":4,"column":3}},"line":2},"1":{"name":"(anonymous_1)","decl":{"start":{"line":6,"column":2},"end":{"line":6,"column":3}},"loc":{"start":{"line":6,"column":17},"end":{"line":11,"column":3}},"line":6},"2":{"name":"(anonymous_2)","decl":{"start":{"line":13,"column":2},"end":{"line":13,"column":3}},"loc":{"start":{"line":13,"column":24},"end":{"line":20,"column":3}},"line":13},"3":{"name":"(anonymous_3)","decl":{"start":{"line":14,"column":23},"end":{"line":14,"column":24}},"loc":{"start":{"line":14,"column":38},"end":{"line":19,"column":5}},"line":14},"4":{"name":"(anonymous_4)","decl":{"start":{"line":22,"column":2},"end":{"line":22,"column":3}},"loc":{"start":{"line":22,"column":12},"end":{"line":24,"column":3}},"line":22}},"branchMap":{"0":{"loc":{"start":{"line":7,"column":4},"end":{"line":9,"column":5}},"type":"if","locations":[{"start":{"line":7,"column":4},"end":{"line":9,"column":5}},{"start":{},"end":{}}],"line":7}},"s":{"0":4,"1":5,"2":1,"3":4,"4":2,"5":8,"6":2},"f":{"0":4,"1":5,"2":2,"3":8,"4":2},"b":{"0":[1,4]},"_coverageSchema":"1a1c01bbd47fc00a2c39e90264f33305004495a9","hash":"89f93d7ceb7a390cf23b4251e24b8d68020f32c6"}
}
